<?xml version="1.0" encoding="UTF-8"?>
<!-- Generated by org.testng.reporters.JUnitXMLReporter -->
<testsuite hostname="SYSR179" ignored="0" name="Orange HRM Regression Test" tests="4" failures="0" timestamp="18 Jul 2019 12:10:59 GMT" time="49.526" errors="0">
  <testcase name="test_DataProviders" time="10.832" classname="testsuite.TC_OrangeHrm"/>
  <testcase name="test_DataProviders" time="9.969" classname="testsuite.TC_OrangeHrm"/>
  <testcase name="test_DataProviders" time="10.044" classname="testsuite.TC_OrangeHrm"/>
  <testcase name="test_DataProviders" time="4.322" classname="testsuite.TC_OrangeHrm"/>
</testsuite> <!-- Orange HRM Regression Test -->
