<?xml version="1.0" encoding="UTF-8"?>
<testsuite name="Orange HRM Regression Test"
           tests="4"
           failures="0"
           errors="0"
           skipped="0"
           time="80.855">
  <properties />
  
  
            <testcase name="test_DataProviders" time="10.771" classname="testsuite.TC_OrangeHrm" />
                <testcase name="test_DataProviders" time="19.785" classname="testsuite.TC_OrangeHrm" />
                <testcase name="test_DataProviders" time="29.268" classname="testsuite.TC_OrangeHrm" />
                <testcase name="test_DataProviders" time="21.031" classname="testsuite.TC_OrangeHrm" />
      
</testsuite>
