<?xml version="1.0" encoding="UTF-8"?>
<testsuite name="Orange HRM Regression Test"
           tests="4"
           failures="0"
           errors="0"
           skipped="0"
           time="35.167">
  <properties />
  
  
            <testcase name="test_DataProviders" time="10.044" classname="testsuite.TC_OrangeHrm" />
                <testcase name="test_DataProviders" time="4.322" classname="testsuite.TC_OrangeHrm" />
                <testcase name="test_DataProviders" time="10.832" classname="testsuite.TC_OrangeHrm" />
                <testcase name="test_DataProviders" time="9.969" classname="testsuite.TC_OrangeHrm" />
      
</testsuite>
